<?xml version="1.0" encoding="UTF-8"?>
<testsuite xmlns:xsi="http://www.w3.org/2001/XMLSchema-instance" xsi:noNamespaceSchemaLocation="https://maven.apache.org/surefire/maven-surefire-plugin/xsd/surefire-test-report-3.0.xsd" version="3.0" name="TestSuite" time="40.924" tests="2" errors="0" skipped="0" failures="1">
  <properties>
[...]
</properties>
  <testcase name="testValidLogin" classname="scripts.TestValidLogin" time="11.02">
    <failure message="Expected condition failed: waiting for title to be &quot;I dont know&quot;. Current title: &quot;actiTIME - Enter Time-Track&quot; (tried for 8 second(s) with 500 MILLISECONDS interval)&#10;Build info: version: &apos;3.7.1&apos;, revision: &apos;8a0099a&apos;, time: &apos;2017-11-06T21:01:39.354Z&apos;&#10;System info: host: &apos;AJITH-PC&apos;, ip: &apos;192.168.43.99&apos;, os.name: &apos;Windows 7&apos;, os.arch: &apos;amd64&apos;, os.version: &apos;6.1&apos;, java.version: &apos;1.8.0_144&apos;&#10;Driver info: org.openqa.selenium.firefox.FirefoxDriver&#10;Capabilities {acceptInsecureCerts: true, browserName: firefox, browserVersion: 57.0, javascriptEnabled: true, moz:accessibilityChecks: false, moz:headless: false, moz:processID: 3852, moz:profile: C:\Users\Ajith\AppData\Loca..., moz:webdriverClick: false, pageLoadStrategy: normal, platform: XP, platformName: XP, platformVersion: 6.1, rotatable: false, timeouts: {implicit: 0, pageLoad: 300000, script: 30000}}&#10;Session ID: 8ac30117-5035-4574-a6ff-2b326b24eb04" type="org.openqa.selenium.TimeoutException">org.openqa.selenium.TimeoutException: 
Expected condition failed: waiting for title to be "I dont know". Current title: "actiTIME - Enter Time-Track" (tried for 8 second(s) with 500 MILLISECONDS interval)
Build info: version: '3.7.1', revision: '8a0099a', time: '2017-11-06T21:01:39.354Z'
System info: host: 'AJITH-PC', ip: '192.168.43.99', os.name: 'Windows 7', os.arch: 'amd64', os.version: '6.1', java.version: '1.8.0_144'
Driver info: org.openqa.selenium.firefox.FirefoxDriver
Capabilities {acceptInsecureCerts: true, browserName: firefox, browserVersion: 57.0, javascriptEnabled: true, moz:accessibilityChecks: false, moz:headless: false, moz:processID: 3852, moz:profile: C:\Users\Ajith\AppData\Loca..., moz:webdriverClick: false, pageLoadStrategy: normal, platform: XP, platformName: XP, platformVersion: 6.1, rotatable: false, timeouts: {implicit: 0, pageLoad: 300000, script: 30000}}
Session ID: 8ac30117-5035-4574-a6ff-2b326b24eb04
	at scripts.TestValidLogin.testValidLogin(TestValidLogin.java:27)
</failure>
    <system-err><![CDATA[1556788903848	geckodriver	INFO	geckodriver 0.19.1
1556788903860	geckodriver	INFO	Listening on 127.0.0.1:20992
1556788904759	mozrunner::runner	INFO	Running command: "C:\\Program Files (x86)\\Mozilla Firefox\\firefox.exe" "-marionette" "-profile" "C:\\Users\\Ajith\\AppData\\Local\\Temp\\rust_mozprofile.Xhq8XzleeQ96"
1556788906417	Marionette	INFO	Enabled via --marionette
Unable to read VR Path Registry from C:\Users\Ajith\AppData\Local\openvr\openvrpaths.vrpath
[Child 2852, Chrome_ChildThread] WARNING: pipe error: 109: file z:/build/build/src/ipc/chromium/src/chrome/common/ipc_channel_win.cc, line 346
[Child 2852, Chrome_ChildThread] WARNING: pipe error: 109: file z:/build/build/src/ipc/chromium/src/chrome/common/ipc_channel_win.cc, line 346
1556788910343	Marionette	INFO	Listening on port 49290
1556788910584	Marionette	WARN	TLS certificate errors will be ignored for this session
1556788910668	Marionette	DEBUG	Register listener.js for window 4294967297
May 02, 2019 2:51:51 PM org.openqa.selenium.remote.ProtocolHandshake createSession
INFO: Detected dialect: W3C
1556788911751	Marionette	DEBUG	Received DOM event "beforeunload" for "about:blank"
1556788912990	Marionette	DEBUG	Received DOM event "pagehide" for "about:blank"
1556788912990	Marionette	DEBUG	Received DOM event "unload" for "about:blank"
1556788913788	Marionette	DEBUG	Received DOM event "DOMContentLoaded" for "http://localhost:90/login.do"
1556788913818	Marionette	DEBUG	Received DOM event "pageshow" for "http://localhost:90/login.do"
1556788916500	Marionette	DEBUG	Canceled page load listener because no navigation has been detected
]]></system-err>
  </testcase>
  <testcase name="testInvalidLogin" classname="scripts.TestInvalidLogin" time="9.799"/>
</testsuite>